0 info it worked if it ends with ok
1 verbose cli [ '/Users/matthew/.nvm/versions/node/v6.9.4/bin/node',
1 verbose cli   '/Users/matthew/.nvm/versions/node/v6.9.4/bin/npm',
1 verbose cli   'run',
1 verbose cli   'start' ]
2 info using npm@3.10.10
3 info using node@v6.9.4
4 verbose run-script [ 'prestart', 'start', 'poststart' ]
5 info lifecycle reason-to-do@~prestart: reason-to-do@
6 silly lifecycle reason-to-do@~prestart: no script for prestart, continuing
7 info lifecycle reason-to-do@~start: reason-to-do@
8 verbose lifecycle reason-to-do@~start: unsafe-perm in lifecycle true
9 verbose lifecycle reason-to-do@~start: PATH: /Users/matthew/.nvm/versions/node/v6.9.4/lib/node_modules/npm/bin/node-gyp-bin:/Users/matthew/repos/a-reason-react-tutorial/node_modules/.bin:/Users/matthew/.nvm/versions/node/v6.9.4/bin:/Users/matthew/.cargo/bin:/usr/local/bin:/usr/local/sbin:/usr/bin:/bin:/usr/sbin:/sbin:/usr/local/go/bin:/opt/X11/bin:/Users/matthew/.yadr/bin:/Users/matthew/.yadr/bin/yadr
10 verbose lifecycle reason-to-do@~start: CWD: /Users/matthew/repos/a-reason-react-tutorial
11 silly lifecycle reason-to-do@~start: Args: [ '-c', 'bsb -make-world -w' ]
12 silly lifecycle reason-to-do@~start: Returned: code: 2  signal: null
13 info lifecycle reason-to-do@~start: Failed to exec start script
14 verbose stack Error: reason-to-do@ start: `bsb -make-world -w`
14 verbose stack Exit status 2
14 verbose stack     at EventEmitter.<anonymous> (/Users/matthew/.nvm/versions/node/v6.9.4/lib/node_modules/npm/lib/utils/lifecycle.js:255:16)
14 verbose stack     at emitTwo (events.js:106:13)
14 verbose stack     at EventEmitter.emit (events.js:191:7)
14 verbose stack     at ChildProcess.<anonymous> (/Users/matthew/.nvm/versions/node/v6.9.4/lib/node_modules/npm/lib/utils/spawn.js:40:14)
14 verbose stack     at emitTwo (events.js:106:13)
14 verbose stack     at ChildProcess.emit (events.js:191:7)
14 verbose stack     at maybeClose (internal/child_process.js:877:16)
14 verbose stack     at Process.ChildProcess._handle.onexit (internal/child_process.js:226:5)
15 verbose pkgid reason-to-do@
16 verbose cwd /Users/matthew/repos/a-reason-react-tutorial
17 error Darwin 17.3.0
18 error argv "/Users/matthew/.nvm/versions/node/v6.9.4/bin/node" "/Users/matthew/.nvm/versions/node/v6.9.4/bin/npm" "run" "start"
19 error node v6.9.4
20 error npm  v3.10.10
21 error code ELIFECYCLE
22 error reason-to-do@ start: `bsb -make-world -w`
22 error Exit status 2
23 error Failed at the reason-to-do@ start script 'bsb -make-world -w'.
23 error Make sure you have the latest version of node.js and npm installed.
23 error If you do, this is most likely a problem with the reason-to-do package,
23 error not with npm itself.
23 error Tell the author that this fails on your system:
23 error     bsb -make-world -w
23 error You can get information on how to open an issue for this project with:
23 error     npm bugs reason-to-do
23 error Or if that isn't available, you can get their info via:
23 error     npm owner ls reason-to-do
23 error There is likely additional logging output above.
24 verbose exit [ 1, true ]
